GROUP,PACKAGE,CLASS,INSTRUCTION_MISSED,INSTRUCTION_COVERED,BRANCH_MISSED,BRANCH_COVERED,LINE_MISSED,LINE_COVERED,COMPLEXITY_MISSED,COMPLEXITY_COVERED,METHOD_MISSED,METHOD_COVERED
Calendar,calendar,DateOutOfRangeException,3,4,0,0,2,2,1,1,1,1
Calendar,calendar,CalendarMain,357,0,4,0,76,0,4,0,2,0
Calendar,calendar,XmlParserErrorHandler,76,3,2,0,13,1,5,1,4,1
Calendar,calendar,Appt,111,258,11,33,17,82,10,48,4,32
Calendar,calendar,CalDay,251,105,19,9,45,31,19,11,8,8
Calendar,calendar,CalendarUtil,20,71,7,3,6,7,6,3,1,3
Calendar,calendar,DataHandler,119,866,14,66,27,233,14,43,0,16
